<?xml version="1.0" encoding="UTF-8"?>
<!-- Generated by org.testng.reporters.JUnitReportReporter -->
<testsuite hostname="LAPTOP-5TIT49CS" failures="0" tests="1" name="TestNGPack.NewTest2" time="0.039" errors="0" timestamp="2024-07-25T10:05:45 IST" skipped="0">
  <testcase classname="TestNGPack.NewTest2" name="verifyTitleOfWebpage" time="0.039"/>
  <system-out/>
</testsuite> <!-- TestNGPack.NewTest2 -->
