<?xml version="1.0" encoding="UTF-8"?>
<!-- Generated by org.testng.reporters.JUnitReportReporter -->
<testsuite hostname="LAPTOP-5TIT49CS" failures="0" tests="1" name="TestNGPack.Login_With_xlsFile" time="6.557" errors="0" timestamp="2024-07-26T09:56:21 IST" skipped="0">
  <testcase classname="TestNGPack.Login_With_xlsFile" name="loginTest" time="6.557"/>
  <system-out/>
</testsuite> <!-- TestNGPack.Login_With_xlsFile -->
